0 info it worked if it ends with ok
1 verbose cli [ 'node', '/usr/local/bin/npm', 'update', 'gulp' ]
2 info using npm@1.4.28
3 info using node@v0.10.32
4 verbose request where is /gulp
5 verbose request registry https://registry.npmjs.org/
6 verbose request id 71a38d4ab640373a
7 verbose url raw /gulp
8 verbose url resolving [ 'https://registry.npmjs.org/', './gulp' ]
9 verbose url resolved https://registry.npmjs.org/gulp
10 verbose request where is https://registry.npmjs.org/gulp
11 info trying registry request attempt 1 at 18:14:09
12 verbose etag "DW6S1AANWIQRE1BSEXREE968L"
13 http GET https://registry.npmjs.org/gulp
14 http 304 https://registry.npmjs.org/gulp
15 silly registry.get cb [ 304,
15 silly registry.get   { date: 'Sun, 26 Oct 2014 22:14:11 GMT',
15 silly registry.get     server: 'Apache',
15 silly registry.get     via: '1.1 varnish',
15 silly registry.get     'last-modified': 'Sun, 26 Oct 2014 22:14:11 GMT',
15 silly registry.get     'cache-control': 'max-age=60',
15 silly registry.get     etag: '"DW6S1AANWIQRE1BSEXREE968L"',
15 silly registry.get     age: '0',
15 silly registry.get     'x-served-by': 'cache-jfk1024-JFK',
15 silly registry.get     'x-cache': 'HIT',
15 silly registry.get     'x-cache-hits': '1',
15 silly registry.get     'x-timer': 'S1414361651.272825,VS0,VE74',
15 silly registry.get     vary: 'Accept',
15 silly registry.get     'content-length': '0',
15 silly registry.get     'keep-alive': 'timeout=10, max=50',
15 silly registry.get     connection: 'Keep-Alive' } ]
16 verbose etag https://registry.npmjs.org/gulp from cache
17 info outdated updating [ [ '/Users/Tyler/Developer/Boundaries',
17 info outdated     'gulp',
17 info outdated     '3.6.2',
17 info outdated     '3.6.2',
17 info outdated     '3.8.9',
17 info outdated     '~3.6.1' ] ]
18 verbose install where,what [ '/Users/Tyler/Developer/Boundaries', [ 'gulp@3.6.2' ] ]
19 verbose readDependencies using package.json deps
20 verbose cache add [ 'gulp@3.6.2', null ]
21 verbose cache add name=undefined spec="gulp@3.6.2" args=["gulp@3.6.2",null]
22 verbose parsed url { protocol: null,
22 verbose parsed url   slashes: null,
22 verbose parsed url   auth: null,
22 verbose parsed url   host: null,
22 verbose parsed url   port: null,
22 verbose parsed url   hostname: null,
22 verbose parsed url   hash: null,
22 verbose parsed url   search: null,
22 verbose parsed url   query: null,
22 verbose parsed url   pathname: 'gulp@3.6.2',
22 verbose parsed url   path: 'gulp@3.6.2',
22 verbose parsed url   href: 'gulp@3.6.2' }
23 verbose cache add name="gulp" spec="3.6.2" args=["gulp","3.6.2"]
24 verbose parsed url { protocol: null,
24 verbose parsed url   slashes: null,
24 verbose parsed url   auth: null,
24 verbose parsed url   host: null,
24 verbose parsed url   port: null,
24 verbose parsed url   hostname: null,
24 verbose parsed url   hash: null,
24 verbose parsed url   search: null,
24 verbose parsed url   query: null,
24 verbose parsed url   pathname: '3.6.2',
24 verbose parsed url   path: '3.6.2',
24 verbose parsed url   href: '3.6.2' }
25 verbose addNamed [ 'gulp', '3.6.2' ]
26 verbose addNamed [ '3.6.2', '3.6.2' ]
27 silly lockFile 078bc9ff-gulp-3-6-2 gulp@3.6.2
28 verbose lock gulp@3.6.2 /Users/Tyler/.npm/078bc9ff-gulp-3-6-2.lock
29 verbose registry.get https://registry.npmjs.org/gulp not expired, no request
30 silly lockFile be4b68ba-ry-npmjs-org-gulp-gulp-3-6-2-tgz https://registry.npmjs.org/gulp/-/gulp-3.6.2.tgz
31 verbose lock https://registry.npmjs.org/gulp/-/gulp-3.6.2.tgz /Users/Tyler/.npm/be4b68ba-ry-npmjs-org-gulp-gulp-3-6-2-tgz.lock
32 verbose addRemoteTarball [ 'https://registry.npmjs.org/gulp/-/gulp-3.6.2.tgz',
32 verbose addRemoteTarball   'ea6b33d768db4a22294fa6339afb61842f5e6fb5' ]
33 info retry fetch attempt 1 at 18:14:11
34 verbose fetch to= /var/folders/g8/vxj06ctn69n2spr10xf_lx6c0000gn/T/npm-4194-QmiFqU_L/registry.npmjs.org/gulp/-/gulp-3.6.2.tgz
35 http GET https://registry.npmjs.org/gulp/-/gulp-3.6.2.tgz
36 http 200 https://registry.npmjs.org/gulp/-/gulp-3.6.2.tgz
37 silly lockFile be4b68ba-ry-npmjs-org-gulp-gulp-3-6-2-tgz https://registry.npmjs.org/gulp/-/gulp-3.6.2.tgz
38 silly lockFile be4b68ba-ry-npmjs-org-gulp-gulp-3-6-2-tgz https://registry.npmjs.org/gulp/-/gulp-3.6.2.tgz
39 silly lockFile 078bc9ff-gulp-3-6-2 gulp@3.6.2
40 silly lockFile 078bc9ff-gulp-3-6-2 gulp@3.6.2
41 error Error: EACCES, mkdir '/Users/Tyler/.npm/gulp/3.6.2'
41 error  { [Error: EACCES, mkdir '/Users/Tyler/.npm/gulp/3.6.2']
41 error   errno: 3,
41 error   code: 'EACCES',
41 error   path: '/Users/Tyler/.npm/gulp/3.6.2',
41 error   parent: 'Boundaries' }
42 error Please try running this command again as root/Administrator.
43 error System Darwin 14.0.0
44 error command "node" "/usr/local/bin/npm" "update" "gulp"
45 error cwd /Users/Tyler/Developer/Boundaries
46 error node -v v0.10.32
47 error npm -v 1.4.28
48 error path /Users/Tyler/.npm/gulp/3.6.2
49 error code EACCES
50 error errno 3
51 error stack Error: EACCES, mkdir '/Users/Tyler/.npm/gulp/3.6.2'
52 verbose exit [ 3, true ]
